mode: set
starter-boilerplate/cmd/swagger/main.go:13.13,20.2 6 0
starter-boilerplate/cmd/migrate/main.go:19.13,30.51 8 0
starter-boilerplate/cmd/migrate/main.go:30.51,33.3 2 0
starter-boilerplate/cmd/migrate/main.go:36.81,37.13 1 0
starter-boilerplate/cmd/migrate/main.go:38.14,39.26 1 0
starter-boilerplate/cmd/migrate/main.go:40.17,41.29 1 0
starter-boilerplate/cmd/migrate/main.go:42.18,43.30 1 0
starter-boilerplate/cmd/migrate/main.go:44.16,45.28 1 0
starter-boilerplate/cmd/migrate/main.go:46.16,47.16 1 0
starter-boilerplate/cmd/migrate/main.go:47.16,49.4 1 0
starter-boilerplate/cmd/migrate/main.go:50.3,50.36 1 0
starter-boilerplate/cmd/migrate/main.go:51.10,53.48 2 0
starter-boilerplate/cmd/migrate/main.go:57.36,59.20 2 0
starter-boilerplate/cmd/migrate/main.go:59.20,62.3 2 0
starter-boilerplate/cmd/migrate/main.go:63.2,64.19 2 0
starter-boilerplate/cmd/migrate/main.go:64.19,66.3 1 0
starter-boilerplate/cmd/migrate/main.go:67.2,67.8 1 0
starter-boilerplate/cmd/migrate/main.go:70.19,79.2 8 0
starter-boilerplate/cmd/migrate/main.go:81.63,83.15 2 0
starter-boilerplate/cmd/migrate/main.go:83.15,86.3 2 0
starter-boilerplate/cmd/migrate/main.go:87.2,87.11 1 0
starter-boilerplate/internal/shared/config/setup.go:40.28,44.50 3 0
starter-boilerplate/internal/shared/config/setup.go:44.50,46.3 1 0
starter-boilerplate/internal/shared/config/setup.go:48.2,49.45 2 0
starter-boilerplate/internal/shared/config/setup.go:49.45,50.42 1 0
starter-boilerplate/internal/shared/config/setup.go:52.2,52.12 1 0
starter-boilerplate/internal/shared/config/setup.go:55.41,57.16 2 0
starter-boilerplate/internal/shared/config/setup.go:57.16,58.67 1 0
starter-boilerplate/internal/shared/config/setup.go:60.2,60.50 1 0
starter-boilerplate/internal/shared/config/setup.go:60.50,61.68 1 0
starter-boilerplate/internal/shared/huma/setup.go:13.65,14.112 1 0
starter-boilerplate/internal/shared/huma/setup.go:14.112,15.20 1 0
starter-boilerplate/internal/shared/huma/setup.go:15.20,18.4 2 0
starter-boilerplate/internal/shared/huma/setup.go:19.3,19.47 1 0
starter-boilerplate/internal/shared/huma/setup.go:22.2,24.22 2 0
starter-boilerplate/internal/shared/huma/setup.go:24.22,28.3 3 0
starter-boilerplate/internal/shared/huma/setup.go:30.2,32.53 2 0
starter-boilerplate/internal/shared/huma/setup.go:32.53,34.3 1 0
starter-boilerplate/internal/shared/huma/setup.go:35.2,41.12 2 0
starter-boilerplate/internal/shared/huma/spec.go:12.39,16.16 3 0
starter-boilerplate/internal/shared/huma/spec.go:16.16,19.3 2 0
starter-boilerplate/internal/shared/huma/spec.go:21.2,21.63 1 0
starter-boilerplate/internal/shared/huma/spec.go:21.63,24.3 2 0
starter-boilerplate/internal/shared/huma/spec.go:26.2,26.56 1 0
starter-boilerplate/internal/shared/huma/spec.go:26.56,29.3 2 0
starter-boilerplate/internal/shared/huma/spec.go:31.2,31.62 1 0
starter-boilerplate/internal/shared/app/app.go:30.121,40.2 1 0
starter-boilerplate/internal/shared/app/app.go:43.39,45.2 1 0
starter-boilerplate/internal/shared/app/app.go:48.39,50.2 1 0
starter-boilerplate/internal/shared/app/app.go:53.32,55.2 1 0
starter-boilerplate/internal/shared/app/app.go:57.46,59.16 2 0
starter-boilerplate/internal/shared/app/app.go:59.16,63.3 3 0
starter-boilerplate/internal/shared/app/app.go:65.2,66.16 2 0
starter-boilerplate/internal/shared/app/app.go:66.16,71.3 4 0
starter-boilerplate/internal/shared/app/app.go:73.2,82.20 4 0
starter-boilerplate/internal/shared/app/app.go:82.20,84.93 2 0
starter-boilerplate/internal/shared/app/app.go:84.93,86.4 1 0
starter-boilerplate/internal/shared/app/app.go:87.3,87.13 1 0
starter-boilerplate/internal/shared/app/app.go:90.2,90.20 1 0
starter-boilerplate/internal/shared/app/app.go:90.20,92.52 2 0
starter-boilerplate/internal/shared/app/app.go:92.52,94.4 1 0
starter-boilerplate/internal/shared/app/app.go:95.3,95.13 1 0
starter-boilerplate/internal/shared/app/app.go:98.2,98.20 1 0
starter-boilerplate/internal/shared/app/app.go:98.20,100.3 1 0
starter-boilerplate/internal/shared/app/app.go:102.2,102.20 1 0
starter-boilerplate/internal/shared/app/app.go:102.20,105.3 2 0
starter-boilerplate/internal/shared/app/app.go:107.2,107.17 1 0
starter-boilerplate/internal/shared/app/app.go:110.32,121.20 7 0
starter-boilerplate/internal/shared/app/app.go:121.20,122.52 1 0
starter-boilerplate/internal/shared/app/app.go:122.52,124.4 1 0
starter-boilerplate/internal/shared/app/app.go:125.3,126.13 2 0
starter-boilerplate/internal/shared/app/app.go:129.2,129.20 1 0
starter-boilerplate/internal/shared/app/app.go:129.20,131.13 2 0
starter-boilerplate/internal/shared/app/app.go:131.13,134.4 2 0
starter-boilerplate/internal/shared/app/app.go:136.3,139.10 3 0
starter-boilerplate/internal/shared/app/app.go:140.18,141.47 1 0
starter-boilerplate/internal/shared/app/app.go:142.14,144.23 2 0
starter-boilerplate/internal/shared/app/app.go:146.3,146.13 1 0
starter-boilerplate/internal/shared/app/app.go:149.2,149.17 1 0
starter-boilerplate/internal/wire_gen.go:36.50,63.2 26 0
starter-boilerplate/internal/wire_gen.go:67.172,69.2 1 0
starter-boilerplate/cmd/api/main.go:12.13,18.37 4 0
starter-boilerplate/cmd/api/main.go:18.37,21.3 2 0
starter-boilerplate/internal/shared/consumer/setup.go:9.78,13.2 3 0
starter-boilerplate/gen/user/user.pb.go:31.34,36.2 4 0
starter-boilerplate/gen/user/user.pb.go:38.42,40.2 1 0
starter-boilerplate/gen/user/user.pb.go:42.40,42.41 0 0
starter-boilerplate/gen/user/user.pb.go:44.62,46.14 2 0
starter-boilerplate/gen/user/user.pb.go:46.14,48.34 2 0
starter-boilerplate/gen/user/user.pb.go:48.34,50.4 1 0
starter-boilerplate/gen/user/user.pb.go:51.3,51.12 1 0
starter-boilerplate/gen/user/user.pb.go:53.2,53.24 1 0
starter-boilerplate/gen/user/user.pb.go:57.53,59.2 1 0
starter-boilerplate/gen/user/user.pb.go:61.41,62.14 1 0
starter-boilerplate/gen/user/user.pb.go:62.14,64.3 1 0
starter-boilerplate/gen/user/user.pb.go:65.2,65.11 1 0
starter-boilerplate/gen/user/user.pb.go:77.35,82.2 4 0
starter-boilerplate/gen/user/user.pb.go:84.43,86.2 1 0
starter-boilerplate/gen/user/user.pb.go:88.41,88.42 0 0
starter-boilerplate/gen/user/user.pb.go:90.63,92.14 2 0
starter-boilerplate/gen/user/user.pb.go:92.14,94.34 2 0
starter-boilerplate/gen/user/user.pb.go:94.34,96.4 1 0
starter-boilerplate/gen/user/user.pb.go:97.3,97.12 1 0
starter-boilerplate/gen/user/user.pb.go:99.2,99.24 1 0
starter-boilerplate/gen/user/user.pb.go:103.54,105.2 1 0
starter-boilerplate/gen/user/user.pb.go:107.42,108.14 1 0
starter-boilerplate/gen/user/user.pb.go:108.14,110.3 1 0
starter-boilerplate/gen/user/user.pb.go:111.2,111.11 1 0
starter-boilerplate/gen/user/user.pb.go:114.45,115.14 1 0
starter-boilerplate/gen/user/user.pb.go:115.14,117.3 1 0
starter-boilerplate/gen/user/user.pb.go:118.2,118.11 1 0
starter-boilerplate/gen/user/user.pb.go:121.44,122.14 1 0
starter-boilerplate/gen/user/user.pb.go:122.14,124.3 1 0
starter-boilerplate/gen/user/user.pb.go:125.2,125.11 1 0
starter-boilerplate/gen/user/user.pb.go:147.48,148.45 1 0
starter-boilerplate/gen/user/user.pb.go:148.45,150.3 1 0
starter-boilerplate/gen/user/user.pb.go:151.2,151.41 1 0
starter-boilerplate/gen/user/user.pb.go:169.13,169.44 1 0
starter-boilerplate/gen/user/user.pb.go:170.34,171.33 1 0
starter-boilerplate/gen/user/user.pb.go:171.33,173.3 1 0
starter-boilerplate/gen/user/user.pb.go:174.2,190.36 5 0
starter-boilerplate/gen/user/user_grpc.pb.go:36.76,38.2 1 0
starter-boilerplate/gen/user/user_grpc.pb.go:40.130,44.16 4 0
starter-boilerplate/gen/user/user_grpc.pb.go:44.16,46.3 1 0
starter-boilerplate/gen/user/user_grpc.pb.go:47.2,47.17 1 0
starter-boilerplate/gen/user/user_grpc.pb.go:65.108,67.2 1 0
starter-boilerplate/gen/user/user_grpc.pb.go:68.84,68.85 0 0
starter-boilerplate/gen/user/user_grpc.pb.go:69.84,69.85 0 0
starter-boilerplate/gen/user/user_grpc.pb.go:78.82,83.59 1 0
starter-boilerplate/gen/user/user_grpc.pb.go:83.59,85.3 1 0
starter-boilerplate/gen/user/user_grpc.pb.go:86.2,86.51 1 0
starter-boilerplate/gen/user/user_grpc.pb.go:89.165,91.32 2 0
starter-boilerplate/gen/user/user_grpc.pb.go:91.32,93.3 1 0
starter-boilerplate/gen/user/user_grpc.pb.go:94.2,94.24 1 0
starter-boilerplate/gen/user/user_grpc.pb.go:94.24,96.3 1 0
starter-boilerplate/gen/user/user_grpc.pb.go:97.2,101.77 2 0
starter-boilerplate/gen/user/user_grpc.pb.go:101.77,103.3 1 0
starter-boilerplate/gen/user/user_grpc.pb.go:104.2,104.44 1 0
starter-boilerplate/internal/shared/jwt/jwt.go:16.51,23.2 1 0
starter-boilerplate/internal/shared/middleware/auth.go:15.102,16.57 1 0
starter-boilerplate/internal/shared/middleware/auth.go:16.57,17.43 1 0
starter-boilerplate/internal/shared/middleware/auth.go:17.43,20.4 2 0
starter-boilerplate/internal/shared/middleware/auth.go:22.3,23.19 2 0
starter-boilerplate/internal/shared/middleware/auth.go:23.19,26.4 2 0
starter-boilerplate/internal/shared/middleware/auth.go:28.3,29.13 2 0
starter-boilerplate/internal/shared/middleware/auth.go:29.13,32.4 2 0
starter-boilerplate/internal/shared/middleware/auth.go:34.3,35.17 2 0
starter-boilerplate/internal/shared/middleware/auth.go:35.17,38.4 2 0
starter-boilerplate/internal/shared/middleware/auth.go:40.3,41.12 2 0
starter-boilerplate/internal/shared/middleware/auth.go:45.50,46.34 1 0
starter-boilerplate/internal/shared/middleware/auth.go:46.34,47.37 1 0
starter-boilerplate/internal/shared/middleware/auth.go:47.37,49.4 1 0
starter-boilerplate/internal/shared/middleware/auth.go:51.2,51.14 1 0
starter-boilerplate/internal/shared/middleware/auth.go:65.46,67.2 1 0
starter-boilerplate/internal/shared/middleware/auth.go:69.59,72.2 2 0
starter-boilerplate/internal/shared/middleware/auth.go:74.40,75.25 1 0
starter-boilerplate/internal/shared/middleware/auth.go:75.25,77.27 2 0
starter-boilerplate/internal/shared/middleware/auth.go:77.27,78.90 1 0
starter-boilerplate/internal/shared/middleware/auth.go:80.3,80.20 1 0
starter-boilerplate/internal/shared/middleware/auth.go:82.2,82.17 1 0
starter-boilerplate/internal/shared/middleware/limiter.go:25.97,34.57 3 0
starter-boilerplate/internal/shared/middleware/limiter.go:34.57,36.17 2 0
starter-boilerplate/internal/shared/middleware/limiter.go:36.17,38.4 1 0
starter-boilerplate/internal/shared/middleware/limiter.go:40.3,43.34 4 0
starter-boilerplate/internal/shared/middleware/limiter.go:43.34,46.4 2 0
starter-boilerplate/internal/shared/middleware/limiter.go:47.3,53.20 6 0
starter-boilerplate/internal/shared/middleware/limiter.go:53.20,55.4 1 0
starter-boilerplate/internal/shared/middleware/limiter.go:57.3,60.21 3 0
starter-boilerplate/internal/shared/middleware/limiter.go:60.21,67.4 6 0
starter-boilerplate/internal/shared/middleware/limiter.go:69.3,69.12 1 0
starter-boilerplate/internal/shared/middleware/limiter.go:73.34,76.21 3 0
starter-boilerplate/internal/shared/middleware/limiter.go:76.21,79.34 3 0
starter-boilerplate/internal/shared/middleware/limiter.go:79.34,80.28 1 0
starter-boilerplate/internal/shared/middleware/limiter.go:80.28,82.5 1 0
starter-boilerplate/internal/shared/middleware/limiter.go:84.3,84.17 1 0
starter-boilerplate/internal/shared/middleware/logger.go:11.67,12.57 1 0
starter-boilerplate/internal/shared/middleware/logger.go:12.57,18.18 4 0
starter-boilerplate/internal/shared/middleware/logger.go:18.18,20.4 1 0
starter-boilerplate/internal/shared/middleware/logger.go:22.3,23.17 2 0
starter-boilerplate/internal/shared/middleware/logger.go:23.17,25.4 1 0
starter-boilerplate/internal/shared/middleware/logger.go:27.3,37.10 3 0
starter-boilerplate/internal/shared/middleware/logger.go:38.22,39.40 1 0
starter-boilerplate/internal/shared/middleware/logger.go:40.22,41.39 1 0
starter-boilerplate/internal/shared/middleware/logger.go:42.11,43.39 1 0
starter-boilerplate/internal/shared/middleware/requestid.go:12.70,13.57 1 0
starter-boilerplate/internal/shared/middleware/requestid.go:13.57,15.15 2 0
starter-boilerplate/internal/shared/middleware/requestid.go:15.15,17.4 1 0
starter-boilerplate/internal/shared/middleware/requestid.go:18.3,20.12 3 0
starter-boilerplate/internal/shared/middleware/requestid.go:24.55,27.2 2 0
starter-boilerplate/internal/shared/middleware/role.go:7.77,8.57 1 0
starter-boilerplate/internal/shared/middleware/role.go:8.57,10.29 2 0
starter-boilerplate/internal/shared/middleware/role.go:10.29,13.4 2 0
starter-boilerplate/internal/shared/middleware/role.go:15.3,16.10 2 0
starter-boilerplate/internal/shared/middleware/role.go:16.10,19.4 2 0
starter-boilerplate/internal/shared/middleware/role.go:21.3,21.27 1 0
starter-boilerplate/internal/shared/middleware/role.go:21.27,22.24 1 0
starter-boilerplate/internal/shared/middleware/role.go:22.24,25.5 2 0
starter-boilerplate/internal/shared/middleware/role.go:28.3,28.63 1 0
starter-boilerplate/internal/shared/middleware/setup.go:16.120,31.2 9 0
starter-boilerplate/internal/shared/middleware/setup.go:33.47,34.71 1 0
starter-boilerplate/internal/shared/middleware/setup.go:34.71,38.37 4 0
starter-boilerplate/internal/shared/middleware/setup.go:38.37,41.4 2 0
starter-boilerplate/internal/shared/middleware/setup.go:42.3,42.23 1 0
starter-boilerplate/internal/shared/middleware/setup.go:46.50,47.71 1 0
starter-boilerplate/internal/shared/middleware/setup.go:47.71,48.16 1 0
starter-boilerplate/internal/shared/middleware/setup.go:48.16,49.36 1 0
starter-boilerplate/internal/shared/middleware/setup.go:49.36,58.5 4 0
starter-boilerplate/internal/shared/middleware/setup.go:60.3,60.23 1 0
starter-boilerplate/internal/shared/middleware/user.go:14.105,15.57 1 0
starter-boilerplate/internal/shared/middleware/user.go:15.57,17.9 2 0
starter-boilerplate/internal/shared/middleware/user.go:17.9,20.4 2 0
starter-boilerplate/internal/shared/middleware/user.go:21.3,21.12 1 0
starter-boilerplate/internal/shared/middleware/user.go:25.106,28.2 2 0
starter-boilerplate/internal/shared/middleware/user.go:42.46,44.2 1 0
starter-boilerplate/internal/shared/middleware/user.go:46.53,47.23 1 0
starter-boilerplate/internal/shared/middleware/user.go:47.23,49.10 2 0
starter-boilerplate/internal/shared/middleware/user.go:49.10,50.52 1 0
starter-boilerplate/internal/shared/middleware/user.go:52.3,52.40 1 0
starter-boilerplate/internal/shared/middleware/user.go:54.2,54.26 1 0
starter-boilerplate/internal/shared/logger/logger.go:14.54,18.2 3 0
starter-boilerplate/internal/user/domain/event/user_created.go:10.44,10.66 1 0
starter-boilerplate/internal/user/domain/event/user_created.go:11.44,11.74 1 0
starter-boilerplate/internal/shared/server/setup.go:9.32,11.2 1 0
starter-boilerplate/internal/shared/server/setup.go:13.77,20.2 1 0
starter-boilerplate/internal/user/app/service/mocks/token_service.go:14.86,16.24 2 0
starter-boilerplate/internal/user/app/service/mocks/token_service.go:16.24,18.3 1 0
starter-boilerplate/internal/user/app/service/mocks/token_service.go:19.2,19.54 1 0
starter-boilerplate/internal/user/app/service/mocks/token_service.go:22.80,24.24 2 0
starter-boilerplate/internal/user/app/service/mocks/token_service.go:24.24,26.3 1 0
starter-boilerplate/internal/user/app/service/mocks/token_service.go:27.2,27.49 1 0
starter-boilerplate/internal/user/app/service/mocks/user_service.go:15.91,17.24 2 0
starter-boilerplate/internal/user/app/service/mocks/user_service.go:17.24,19.3 1 0
starter-boilerplate/internal/user/app/service/mocks/user_service.go:20.2,20.49 1 0
starter-boilerplate/internal/user/app/service/mocks/user_service.go:23.85,25.24 2 0
starter-boilerplate/internal/user/app/service/mocks/user_service.go:25.24,27.3 1 0
starter-boilerplate/internal/user/app/service/mocks/user_service.go:28.2,28.49 1 0
starter-boilerplate/internal/user/app/service/mocks/user_service.go:31.74,33.2 1 0
starter-boilerplate/internal/user/app/service/mocks/user_service.go:35.75,37.2 1 0
starter-boilerplate/internal/user/app/service/mocks/user_service.go:39.69,42.2 2 0
starter-boilerplate/internal/user/wire_gen.go:27.252,44.2 16 0
starter-boilerplate/internal/user/wire_gen.go:50.81,52.2 1 0
starter-boilerplate/internal/user/app/service/token.go:18.60,20.2 1 1
starter-boilerplate/internal/user/app/service/token.go:22.86,24.16 2 1
starter-boilerplate/internal/user/app/service/token.go:24.16,26.3 1 0
starter-boilerplate/internal/user/app/service/token.go:28.2,29.16 2 1
starter-boilerplate/internal/user/app/service/token.go:29.16,31.3 1 0
starter-boilerplate/internal/user/app/service/token.go:33.2,36.8 1 1
starter-boilerplate/internal/user/app/service/token.go:39.80,41.16 2 1
starter-boilerplate/internal/user/app/service/token.go:41.16,43.3 1 1
starter-boilerplate/internal/user/app/service/token.go:44.2,44.20 1 1
starter-boilerplate/internal/user/app/service/user.go:25.69,27.2 1 1
starter-boilerplate/internal/user/app/service/user.go:29.91,31.2 1 1
starter-boilerplate/internal/user/app/service/user.go:33.85,35.2 1 1
starter-boilerplate/internal/user/app/service/user.go:37.74,38.94 1 1
starter-boilerplate/internal/user/app/service/user.go:38.94,40.3 1 1
starter-boilerplate/internal/user/app/service/user.go:41.2,41.12 1 1
starter-boilerplate/internal/user/app/service/user.go:44.69,46.16 2 0
starter-boilerplate/internal/user/app/service/user.go:46.16,48.3 1 0
starter-boilerplate/internal/user/app/service/user.go:49.2,49.26 1 0
starter-boilerplate/internal/user/app/service/user.go:52.75,54.2 1 0
starter-boilerplate/internal/user/app/service/user_loader.go:20.78,22.2 1 0
starter-boilerplate/internal/user/app/service/user_loader.go:24.96,31.54 2 0
starter-boilerplate/internal/user/app/service/user_loader.go:31.54,32.18 1 0
starter-boilerplate/internal/user/app/service/user_loader.go:32.18,34.22 2 0
starter-boilerplate/internal/user/app/service/user_loader.go:34.22,37.5 2 0
starter-boilerplate/internal/user/app/service/user_loader.go:38.4,42.5 1 0
starter-boilerplate/internal/user/app/service/user_loader.go:44.3,44.21 1 0
starter-boilerplate/internal/user/domain/repository/mocks/user_repository.go:15.88,17.24 2 0
starter-boilerplate/internal/user/domain/repository/mocks/user_repository.go:17.24,19.3 1 0
starter-boilerplate/internal/user/domain/repository/mocks/user_repository.go:20.2,20.49 1 0
starter-boilerplate/internal/user/domain/repository/mocks/user_repository.go:23.94,25.24 2 0
starter-boilerplate/internal/user/domain/repository/mocks/user_repository.go:25.24,27.3 1 0
starter-boilerplate/internal/user/domain/repository/mocks/user_repository.go:28.2,28.49 1 0
starter-boilerplate/internal/user/domain/repository/mocks/user_repository.go:31.78,34.2 2 0
starter-boilerplate/internal/user/domain/repository/mocks/user_repository.go:36.78,39.2 2 0
starter-boilerplate/internal/user/app/usecase/get_user.go:14.64,16.2 1 0
starter-boilerplate/internal/user/app/usecase/get_user.go:18.97,20.57 2 0
starter-boilerplate/internal/user/app/usecase/get_user.go:20.57,22.3 1 0
starter-boilerplate/internal/user/app/usecase/get_user.go:24.2,25.16 2 0
starter-boilerplate/internal/user/app/usecase/get_user.go:25.16,27.3 1 0
starter-boilerplate/internal/user/app/usecase/get_user.go:28.2,28.14 1 0
starter-boilerplate/internal/user/app/usecase/get_user.go:28.14,30.3 1 0
starter-boilerplate/internal/user/app/usecase/get_user.go:31.2,31.15 1 0
starter-boilerplate/internal/user/app/usecase/login.go:16.85,21.2 1 1
starter-boilerplate/internal/user/app/usecase/login.go:23.104,25.16 2 1
starter-boilerplate/internal/user/app/usecase/login.go:25.16,27.3 1 1
starter-boilerplate/internal/user/app/usecase/login.go:28.2,28.14 1 1
starter-boilerplate/internal/user/app/usecase/login.go:28.14,30.3 1 1
starter-boilerplate/internal/user/app/usecase/login.go:32.2,32.79 1 1
starter-boilerplate/internal/user/app/usecase/login.go:32.79,34.3 1 1
starter-boilerplate/internal/user/app/usecase/login.go:36.2,36.61 1 1
starter-boilerplate/internal/user/app/usecase/refresh.go:16.89,21.2 1 1
starter-boilerplate/internal/user/app/usecase/refresh.go:23.103,25.16 2 1
starter-boilerplate/internal/user/app/usecase/refresh.go:25.16,27.3 1 1
starter-boilerplate/internal/user/app/usecase/refresh.go:29.2,30.16 2 1
starter-boilerplate/internal/user/app/usecase/refresh.go:30.16,32.3 1 0
starter-boilerplate/internal/user/app/usecase/refresh.go:33.2,33.14 1 1
starter-boilerplate/internal/user/app/usecase/refresh.go:33.14,35.3 1 1
starter-boilerplate/internal/user/app/usecase/refresh.go:37.2,37.61 1 1
starter-boilerplate/internal/user/app/usecase/register.go:21.105,27.2 1 0
starter-boilerplate/internal/user/app/usecase/register.go:29.107,31.16 2 0
starter-boilerplate/internal/user/app/usecase/register.go:31.16,33.3 1 0
starter-boilerplate/internal/user/app/usecase/register.go:34.2,34.21 1 0
starter-boilerplate/internal/user/app/usecase/register.go:34.21,36.3 1 0
starter-boilerplate/internal/user/app/usecase/register.go:38.2,39.16 2 0
starter-boilerplate/internal/user/app/usecase/register.go:39.16,41.3 1 0
starter-boilerplate/internal/user/app/usecase/register.go:43.2,50.57 2 0
starter-boilerplate/internal/user/app/usecase/register.go:50.57,52.3 1 0
starter-boilerplate/internal/user/app/usecase/register.go:54.2,57.17 1 0
starter-boilerplate/internal/user/app/usecase/register.go:57.17,59.3 1 0
starter-boilerplate/internal/user/app/usecase/register.go:61.2,61.67 1 0
starter-boilerplate/internal/user/transport/contract/user.go:22.81,26.2 3 0
starter-boilerplate/internal/user/transport/contract/user.go:28.104,30.16 2 0
starter-boilerplate/internal/user/transport/contract/user.go:30.16,32.3 1 0
starter-boilerplate/internal/user/transport/contract/user.go:33.2,33.14 1 0
starter-boilerplate/internal/user/transport/contract/user.go:33.14,35.3 1 0
starter-boilerplate/internal/user/transport/contract/user.go:36.2,37.74 2 0
starter-boilerplate/internal/user/transport/consumer/profile_updater.go:22.91,24.2 1 0
starter-boilerplate/internal/user/transport/consumer/profile_updater.go:26.62,39.2 4 0
starter-boilerplate/internal/user/transport/consumer/profile_updater.go:41.140,49.2 2 0
starter-boilerplate/internal/user/transport/consumer/profile_updater.go:51.110,54.2 2 0
starter-boilerplate/internal/user/transport/consumer/setup.go:9.85,12.2 2 0
starter-boilerplate/internal/user/transport/dto/user.go:16.40,22.2 1 0
starter-boilerplate/internal/user/transport/dto/user.go:24.56,29.2 1 0
starter-boilerplate/pkg/event/amqp.go:28.90,30.25 2 0
starter-boilerplate/pkg/event/amqp.go:30.25,32.3 1 0
starter-boilerplate/pkg/event/amqp.go:33.2,33.10 1 0
starter-boilerplate/pkg/event/amqp.go:40.72,41.17 1 0
starter-boilerplate/pkg/event/amqp.go:41.17,42.63 1 0
starter-boilerplate/pkg/event/amqp.go:42.63,43.62 1 0
starter-boilerplate/pkg/event/amqp.go:45.3,45.53 1 0
starter-boilerplate/pkg/event/amqp.go:45.53,46.69 1 0
starter-boilerplate/pkg/event/amqp.go:49.2,49.43 1 0
starter-boilerplate/pkg/event/amqp.go:52.67,54.16 2 0
starter-boilerplate/pkg/event/amqp.go:54.16,56.3 1 0
starter-boilerplate/pkg/event/amqp.go:57.2,57.15 1 0
starter-boilerplate/pkg/event/amqp.go:57.15,57.33 1 0
starter-boilerplate/pkg/event/amqp.go:58.2,58.74 1 0
starter-boilerplate/pkg/event/amqp.go:61.60,63.16 2 0
starter-boilerplate/pkg/event/amqp.go:63.16,65.3 1 0
starter-boilerplate/pkg/event/amqp.go:66.2,66.15 1 0
starter-boilerplate/pkg/event/amqp.go:66.15,66.33 1 0
starter-boilerplate/pkg/event/amqp.go:68.2,68.102 1 0
starter-boilerplate/pkg/event/amqp.go:68.102,70.3 1 0
starter-boilerplate/pkg/event/amqp.go:72.2,72.73 1 0
starter-boilerplate/pkg/event/amqp.go:75.63,77.31 2 0
starter-boilerplate/pkg/event/amqp.go:77.31,79.20 2 0
starter-boilerplate/pkg/event/amqp.go:79.20,81.29 2 0
starter-boilerplate/pkg/event/amqp.go:81.29,83.5 1 0
starter-boilerplate/pkg/event/amqp.go:86.2,86.94 1 0
starter-boilerplate/pkg/event/router.go:19.26,23.2 1 0
starter-boilerplate/pkg/event/router.go:27.106,29.103 2 0
starter-boilerplate/pkg/event/router.go:29.103,31.56 2 0
starter-boilerplate/pkg/event/router.go:31.56,33.4 1 0
starter-boilerplate/pkg/event/router.go:34.3,34.56 1 0
starter-boilerplate/pkg/event/router.go:34.56,36.4 1 0
starter-boilerplate/pkg/event/router.go:37.3,37.32 1 0
starter-boilerplate/pkg/event/router.go:42.102,44.2 1 0
starter-boilerplate/pkg/event/router.go:47.100,48.81 1 0
starter-boilerplate/pkg/event/router.go:48.81,49.45 1 0
starter-boilerplate/pkg/event/router.go:49.45,51.4 1 0
starter-boilerplate/pkg/event/router.go:52.3,52.24 1 0
starter-boilerplate/pkg/event/router.go:52.24,54.4 1 0
starter-boilerplate/pkg/event/router.go:55.3,56.13 2 0
starter-boilerplate/pkg/apperror/error.go:10.35,12.2 1 0
starter-boilerplate/pkg/apperror/error.go:14.36,16.2 1 0
starter-boilerplate/pkg/apperror/error.go:18.48,20.2 1 0
starter-boilerplate/pkg/apperror/error.go:22.60,24.2 1 0
starter-boilerplate/pkg/db/setup.go:25.32,30.2 1 0
starter-boilerplate/pkg/db/setup.go:34.71,35.20 1 0
starter-boilerplate/pkg/db/setup.go:35.20,38.3 2 0
starter-boilerplate/pkg/db/setup.go:40.2,47.44 5 0
starter-boilerplate/pkg/db/setup.go:47.44,48.57 1 0
starter-boilerplate/pkg/db/setup.go:51.2,53.11 2 0
starter-boilerplate/internal/user/transport/handler/get_user.go:28.68,30.2 1 0
starter-boilerplate/internal/user/transport/handler/get_user.go:32.49,43.2 1 0
starter-boilerplate/internal/user/transport/handler/get_user.go:45.99,47.16 2 0
starter-boilerplate/internal/user/transport/handler/get_user.go:47.16,49.3 1 0
starter-boilerplate/internal/user/transport/handler/get_user.go:51.2,53.17 3 0
starter-boilerplate/internal/user/transport/handler/login.go:24.67,26.2 1 0
starter-boilerplate/internal/user/transport/handler/login.go:28.47,36.2 1 0
starter-boilerplate/internal/user/transport/handler/login.go:38.93,40.16 2 0
starter-boilerplate/internal/user/transport/handler/login.go:40.16,42.3 1 0
starter-boilerplate/internal/user/transport/handler/login.go:44.2,44.59 1 0
starter-boilerplate/internal/user/transport/handler/refresh.go:23.75,25.2 1 0
starter-boilerplate/internal/user/transport/handler/refresh.go:27.49,35.2 1 0
starter-boilerplate/internal/user/transport/handler/refresh.go:37.97,39.16 2 0
starter-boilerplate/internal/user/transport/handler/refresh.go:39.16,41.3 1 0
starter-boilerplate/internal/user/transport/handler/refresh.go:43.2,43.59 1 0
starter-boilerplate/internal/user/transport/handler/register.go:24.79,26.2 1 0
starter-boilerplate/internal/user/transport/handler/register.go:28.50,36.2 1 0
starter-boilerplate/internal/user/transport/handler/register.go:38.99,40.16 2 0
starter-boilerplate/internal/user/transport/handler/register.go:40.16,42.3 1 0
starter-boilerplate/internal/user/transport/handler/register.go:44.2,44.59 1 0
starter-boilerplate/internal/user/transport/handler/setup.go:9.149,15.2 5 0
starter-boilerplate/pkg/jwt/manager.go:35.38,37.2 1 1
starter-boilerplate/pkg/jwt/manager.go:39.76,41.2 1 1
starter-boilerplate/pkg/jwt/manager.go:43.77,45.2 1 1
starter-boilerplate/pkg/jwt/manager.go:47.73,49.2 1 1
starter-boilerplate/pkg/jwt/manager.go:51.74,53.2 1 1
starter-boilerplate/pkg/jwt/manager.go:55.113,68.2 3 1
starter-boilerplate/pkg/jwt/manager.go:70.90,71.93 1 1
starter-boilerplate/pkg/jwt/manager.go:71.93,72.58 1 1
starter-boilerplate/pkg/jwt/manager.go:72.58,74.4 1 0
starter-boilerplate/pkg/jwt/manager.go:75.3,75.29 1 1
starter-boilerplate/pkg/jwt/manager.go:77.2,77.16 1 1
starter-boilerplate/pkg/jwt/manager.go:77.16,79.3 1 1
starter-boilerplate/pkg/jwt/manager.go:81.2,82.25 2 1
starter-boilerplate/pkg/jwt/manager.go:82.25,84.3 1 0
starter-boilerplate/pkg/jwt/manager.go:86.2,86.34 1 1
starter-boilerplate/pkg/jwt/manager.go:86.34,88.3 1 0
starter-boilerplate/pkg/jwt/manager.go:90.2,90.20 1 1
starter-boilerplate/migrations/embed.go:14.13,15.59 1 0
starter-boilerplate/migrations/embed.go:15.59,16.13 1 0
starter-boilerplate/pkg/amqp/broker.go:35.70,42.2 2 0
starter-boilerplate/pkg/amqp/broker.go:45.139,47.16 2 0
starter-boilerplate/pkg/amqp/broker.go:47.16,49.3 1 0
starter-boilerplate/pkg/amqp/broker.go:51.2,51.60 1 0
starter-boilerplate/pkg/amqp/broker.go:55.143,56.57 1 0
starter-boilerplate/pkg/amqp/broker.go:56.57,58.3 1 0
starter-boilerplate/pkg/amqp/broker.go:60.2,61.16 2 0
starter-boilerplate/pkg/amqp/broker.go:61.16,63.3 1 0
starter-boilerplate/pkg/amqp/broker.go:65.2,65.63 1 0
starter-boilerplate/pkg/amqp/broker.go:70.41,72.2 1 0
starter-boilerplate/pkg/amqp/broker.go:77.49,79.2 1 0
starter-boilerplate/pkg/amqp/broker.go:83.29,86.2 2 0
starter-boilerplate/pkg/amqp/config.go:14.47,15.24 1 0
starter-boilerplate/pkg/amqp/config.go:15.24,17.3 1 0
starter-boilerplate/pkg/amqp/config.go:18.2,18.20 1 0
starter-boilerplate/pkg/amqp/config.go:18.20,20.3 1 0
starter-boilerplate/pkg/amqp/config.go:21.2,21.31 1 0
starter-boilerplate/pkg/amqp/config.go:21.31,23.3 1 0
starter-boilerplate/pkg/amqp/config.go:24.2,24.10 1 0
starter-boilerplate/pkg/amqp/consumer.go:36.40,37.22 1 0
starter-boilerplate/pkg/amqp/consumer.go:37.22,39.3 1 0
starter-boilerplate/pkg/amqp/consumer.go:40.2,40.19 1 0
starter-boilerplate/pkg/amqp/consumer.go:43.45,44.26 1 0
starter-boilerplate/pkg/amqp/consumer.go:44.26,46.3 1 0
starter-boilerplate/pkg/amqp/consumer.go:47.2,47.24 1 0
starter-boilerplate/pkg/amqp/consumer.go:50.43,51.24 1 0
starter-boilerplate/pkg/amqp/consumer.go:51.24,53.3 1 0
starter-boilerplate/pkg/amqp/consumer.go:54.2,54.22 1 0
starter-boilerplate/pkg/amqp/consumer.go:57.45,58.27 1 0
starter-boilerplate/pkg/amqp/consumer.go:58.27,60.3 1 0
starter-boilerplate/pkg/amqp/consumer.go:61.2,61.24 1 0
starter-boilerplate/pkg/amqp/consumer.go:71.88,73.2 1 0
starter-boilerplate/pkg/amqp/consumer.go:85.58,94.2 1 0
starter-boilerplate/pkg/amqp/consumer.go:99.104,100.63 1 0
starter-boilerplate/pkg/amqp/consumer.go:100.63,102.60 2 0
starter-boilerplate/pkg/amqp/consumer.go:102.60,104.4 1 0
starter-boilerplate/pkg/amqp/consumer.go:105.3,105.24 1 0
starter-boilerplate/pkg/amqp/consumer.go:105.24,106.59 1 0
starter-boilerplate/pkg/amqp/consumer.go:106.59,108.5 1 0
starter-boilerplate/pkg/amqp/consumer.go:110.3,110.49 1 0
starter-boilerplate/pkg/amqp/consumer.go:116.97,117.63 1 0
starter-boilerplate/pkg/amqp/consumer.go:117.63,119.3 1 0
starter-boilerplate/pkg/amqp/consumer.go:123.49,124.17 1 0
starter-boilerplate/pkg/amqp/consumer.go:124.17,126.3 1 0
starter-boilerplate/pkg/amqp/consumer.go:127.2,127.12 1 0
starter-boilerplate/pkg/amqp/consumer.go:130.27,132.14 2 0
starter-boilerplate/pkg/amqp/consumer.go:132.14,134.3 1 0
starter-boilerplate/pkg/amqp/consumer.go:135.2,135.29 1 0
starter-boilerplate/pkg/amqp/consumer.go:135.29,137.3 1 0
starter-boilerplate/pkg/amqp/consumer.go:138.2,138.35 1 0
starter-boilerplate/pkg/amqp/consumer.go:141.55,142.38 1 0
starter-boilerplate/pkg/amqp/consumer.go:142.38,144.3 1 0
starter-boilerplate/pkg/amqp/consumer.go:145.2,145.19 1 0
starter-boilerplate/pkg/amqp/consumer.go:148.76,149.64 1 0
starter-boilerplate/pkg/amqp/consumer.go:149.64,151.3 1 0
starter-boilerplate/pkg/amqp/consumer.go:153.2,154.16 2 0
starter-boilerplate/pkg/amqp/consumer.go:154.16,156.3 1 0
starter-boilerplate/pkg/amqp/consumer.go:158.2,158.24 1 0
starter-boilerplate/pkg/amqp/consumer.go:158.24,160.3 1 0
starter-boilerplate/pkg/amqp/consumer.go:162.2,162.12 1 0
starter-boilerplate/pkg/amqp/consumer.go:165.55,167.36 2 0
starter-boilerplate/pkg/amqp/consumer.go:167.36,168.42 1 0
starter-boilerplate/pkg/amqp/consumer.go:168.42,170.4 1 0
starter-boilerplate/pkg/amqp/consumer.go:171.3,172.39 2 0
starter-boilerplate/pkg/amqp/consumer.go:172.39,174.4 1 0
starter-boilerplate/pkg/amqp/consumer.go:177.2,185.12 2 0
starter-boilerplate/pkg/amqp/consumer.go:188.58,189.110 1 0
starter-boilerplate/pkg/amqp/consumer.go:189.110,191.3 1 0
starter-boilerplate/pkg/amqp/consumer.go:193.2,194.85 2 0
starter-boilerplate/pkg/amqp/consumer.go:194.85,196.3 1 0
starter-boilerplate/pkg/amqp/consumer.go:198.2,199.22 2 0
starter-boilerplate/pkg/amqp/consumer.go:199.22,201.3 1 0
starter-boilerplate/pkg/amqp/consumer.go:202.2,202.81 1 0
starter-boilerplate/pkg/amqp/consumer.go:205.52,206.26 1 0
starter-boilerplate/pkg/amqp/consumer.go:206.26,208.3 1 0
starter-boilerplate/pkg/amqp/consumer.go:209.2,209.94 1 0
starter-boilerplate/pkg/amqp/consumer.go:212.74,217.16 4 0
starter-boilerplate/pkg/amqp/consumer.go:217.16,220.3 2 0
starter-boilerplate/pkg/amqp/consumer.go:221.2,221.45 1 0
starter-boilerplate/pkg/amqp/consumer.go:221.45,223.3 1 0
starter-boilerplate/pkg/amqp/consumer_group.go:24.64,26.2 1 0
starter-boilerplate/pkg/amqp/consumer_group.go:28.48,30.2 1 0
starter-boilerplate/pkg/amqp/consumer_group.go:35.141,39.2 3 0
starter-boilerplate/pkg/amqp/consumer_group.go:43.139,47.2 3 0
starter-boilerplate/pkg/amqp/consumer_group.go:49.56,50.19 1 0
starter-boilerplate/pkg/amqp/consumer_group.go:50.19,54.3 3 0
starter-boilerplate/pkg/amqp/consumer_group.go:56.2,59.32 2 0
starter-boilerplate/pkg/amqp/consumer_group.go:59.32,61.17 2 0
starter-boilerplate/pkg/amqp/consumer_group.go:61.17,63.4 1 0
starter-boilerplate/pkg/amqp/consumer_group.go:64.3,64.39 1 0
starter-boilerplate/pkg/amqp/consumer_group.go:64.39,67.4 2 0
starter-boilerplate/pkg/amqp/consumer_group.go:68.3,68.13 1 0
starter-boilerplate/pkg/amqp/consumer_group.go:71.2,82.32 7 0
starter-boilerplate/pkg/amqp/consumer_group.go:82.32,83.33 1 0
starter-boilerplate/pkg/amqp/consumer_group.go:83.33,84.23 1 0
starter-boilerplate/pkg/amqp/consumer_group.go:84.23,86.19 2 0
starter-boilerplate/pkg/amqp/consumer_group.go:86.19,88.6 1 0
starter-boilerplate/pkg/amqp/consumer_group.go:89.5,91.37 2 0
starter-boilerplate/pkg/amqp/consumer_group.go:96.2,98.12 3 0
starter-boilerplate/pkg/amqp/consumer_group.go:101.36,105.21 3 0
starter-boilerplate/pkg/amqp/consumer_group.go:105.21,107.3 1 0
starter-boilerplate/pkg/amqp/middleware.go:7.64,8.37 1 0
starter-boilerplate/pkg/amqp/middleware.go:8.37,10.3 1 0
starter-boilerplate/pkg/amqp/middleware.go:11.2,11.16 1 0
starter-boilerplate/pkg/amqp/middleware_logging.go:12.31,13.44 1 0
starter-boilerplate/pkg/amqp/middleware_logging.go:13.44,14.64 1 0
starter-boilerplate/pkg/amqp/middleware_logging.go:14.64,21.18 4 0
starter-boilerplate/pkg/amqp/middleware_logging.go:21.18,23.5 1 0
starter-boilerplate/pkg/amqp/middleware_logging.go:23.10,25.5 1 0
starter-boilerplate/pkg/amqp/middleware_logging.go:26.4,26.14 1 0
starter-boilerplate/pkg/amqp/middleware_recover.go:13.31,14.44 1 0
starter-boilerplate/pkg/amqp/middleware_recover.go:14.44,15.70 1 0
starter-boilerplate/pkg/amqp/middleware_recover.go:15.70,16.17 1 0
starter-boilerplate/pkg/amqp/middleware_recover.go:16.17,17.33 1 0
starter-boilerplate/pkg/amqp/middleware_recover.go:17.33,23.6 2 0
starter-boilerplate/pkg/amqp/middleware_recover.go:25.4,25.25 1 0
starter-boilerplate/pkg/amqp/pool.go:21.101,31.28 3 0
starter-boilerplate/pkg/amqp/pool.go:31.28,34.3 2 0
starter-boilerplate/pkg/amqp/pool.go:36.2,36.10 1 0
starter-boilerplate/pkg/amqp/pool.go:43.69,45.9 1 0
starter-boilerplate/pkg/amqp/pool.go:46.24,47.18 1 0
starter-boilerplate/pkg/amqp/pool.go:48.10,48.10 0 0
starter-boilerplate/pkg/amqp/pool.go:52.2,52.6 1 0
starter-boilerplate/pkg/amqp/pool.go:52.6,54.23 2 0
starter-boilerplate/pkg/amqp/pool.go:54.23,55.9 1 0
starter-boilerplate/pkg/amqp/pool.go:57.3,57.40 1 0
starter-boilerplate/pkg/amqp/pool.go:57.40,59.4 1 0
starter-boilerplate/pkg/amqp/pool.go:63.2,63.9 1 0
starter-boilerplate/pkg/amqp/pool.go:64.24,65.18 1 0
starter-boilerplate/pkg/amqp/pool.go:66.20,67.72 1 0
starter-boilerplate/pkg/amqp/pool.go:71.44,73.2 1 0
starter-boilerplate/pkg/amqp/pool.go:75.125,77.16 2 0
starter-boilerplate/pkg/amqp/pool.go:77.16,79.3 1 0
starter-boilerplate/pkg/amqp/pool.go:80.2,82.62 2 0
starter-boilerplate/pkg/amqp/pool.go:85.39,87.6 1 0
starter-boilerplate/pkg/amqp/pool.go:87.6,88.10 1 0
starter-boilerplate/pkg/amqp/pool.go:89.25,90.19 1 0
starter-boilerplate/pkg/amqp/pool.go:91.11,92.14 1 0
starter-boilerplate/pkg/amqp/publisher.go:24.79,26.16 2 0
starter-boilerplate/pkg/amqp/publisher.go:26.16,27.62 1 0
starter-boilerplate/pkg/amqp/publisher.go:29.2,29.40 1 0
starter-boilerplate/pkg/amqp/publisher.go:32.48,33.17 1 0
starter-boilerplate/pkg/amqp/publisher.go:33.17,35.3 1 0
starter-boilerplate/pkg/amqp/publisher.go:36.2,36.21 1 0
starter-boilerplate/pkg/amqp/publisher.go:39.134,45.2 1 0
starter-boilerplate/pkg/amqp/publisher.go:55.71,57.16 2 0
starter-boilerplate/pkg/amqp/publisher.go:57.16,58.72 1 0
starter-boilerplate/pkg/amqp/publisher.go:61.2,61.42 1 0
starter-boilerplate/pkg/amqp/publisher.go:61.42,63.59 2 0
starter-boilerplate/pkg/amqp/publisher.go:66.2,66.36 1 0
starter-boilerplate/pkg/amqp/publisher.go:69.44,70.17 1 0
starter-boilerplate/pkg/amqp/publisher.go:70.17,72.3 1 0
starter-boilerplate/pkg/amqp/publisher.go:73.2,73.21 1 0
starter-boilerplate/pkg/amqp/publisher.go:76.130,83.16 2 0
starter-boilerplate/pkg/amqp/publisher.go:83.16,85.3 1 0
starter-boilerplate/pkg/amqp/publisher.go:87.2,87.18 1 0
starter-boilerplate/pkg/amqp/publisher.go:87.18,89.3 1 0
starter-boilerplate/pkg/amqp/publisher.go:90.2,90.12 1 0
starter-boilerplate/pkg/amqp/publisher.go:95.82,96.11 1 0
starter-boilerplate/pkg/amqp/publisher.go:97.19,98.34 1 0
starter-boilerplate/pkg/amqp/publisher.go:99.10,100.38 1 0
starter-boilerplate/pkg/amqp/publisher_manager.go:16.90,17.17 1 0
starter-boilerplate/pkg/amqp/publisher_manager.go:17.17,19.3 1 0
starter-boilerplate/pkg/amqp/publisher_manager.go:21.2,24.3 1 0
starter-boilerplate/pkg/amqp/publisher_manager.go:28.72,29.11 1 0
starter-boilerplate/pkg/amqp/publisher_manager.go:30.19,31.27 1 0
starter-boilerplate/pkg/amqp/publisher_manager.go:31.27,33.4 1 0
starter-boilerplate/pkg/amqp/publisher_manager.go:34.3,34.28 1 0
starter-boilerplate/pkg/amqp/publisher_manager.go:35.18,36.26 1 0
starter-boilerplate/pkg/amqp/publisher_manager.go:36.26,38.4 1 0
starter-boilerplate/pkg/amqp/publisher_manager.go:39.3,39.27 1 0
starter-boilerplate/pkg/amqp/publisher_manager.go:40.10,41.68 1 0
starter-boilerplate/pkg/amqp/publisher_manager.go:46.39,50.4 1 0
starter-boilerplate/pkg/amqp/publisher_manager.go:50.4,51.15 1 0
starter-boilerplate/pkg/amqp/publisher_manager.go:51.15,52.12 1 0
starter-boilerplate/pkg/amqp/publisher_manager.go:54.3,54.35 1 0
starter-boilerplate/pkg/amqp/publisher_manager.go:54.35,56.4 1 0
starter-boilerplate/pkg/amqp/setup.go:11.64,12.20 1 0
starter-boilerplate/pkg/amqp/setup.go:12.20,15.3 2 0
starter-boilerplate/pkg/amqp/setup.go:17.2,18.16 2 0
starter-boilerplate/pkg/amqp/setup.go:18.16,19.53 1 0
starter-boilerplate/pkg/amqp/setup.go:22.2,24.13 2 0
starter-boilerplate/pkg/grpc/error_interceptor.go:16.53,17.112 1 0
starter-boilerplate/pkg/grpc/error_interceptor.go:17.112,19.17 2 0
starter-boilerplate/pkg/grpc/error_interceptor.go:19.17,21.4 1 0
starter-boilerplate/pkg/grpc/error_interceptor.go:23.3,24.30 2 0
starter-boilerplate/pkg/grpc/error_interceptor.go:24.30,26.4 1 0
starter-boilerplate/pkg/grpc/error_interceptor.go:28.3,32.68 2 0
starter-boilerplate/pkg/grpc/error_interceptor.go:36.44,37.20 1 0
starter-boilerplate/pkg/grpc/error_interceptor.go:38.29,39.31 1 0
starter-boilerplate/pkg/grpc/error_interceptor.go:40.31,41.31 1 0
starter-boilerplate/pkg/grpc/error_interceptor.go:42.28,43.32 1 0
starter-boilerplate/pkg/grpc/error_interceptor.go:44.27,45.24 1 0
starter-boilerplate/pkg/grpc/error_interceptor.go:46.27,47.29 1 0
starter-boilerplate/pkg/grpc/error_interceptor.go:48.38,49.31 1 0
starter-boilerplate/pkg/grpc/error_interceptor.go:50.34,51.33 1 0
starter-boilerplate/pkg/grpc/error_interceptor.go:52.10,53.24 1 0
starter-boilerplate/pkg/grpc/setup.go:15.57,20.2 2 0
starter-boilerplate/pkg/redis/setup.go:21.82,22.20 1 0
starter-boilerplate/pkg/redis/setup.go:22.20,25.3 2 0
starter-boilerplate/pkg/redis/setup.go:27.2,36.47 4 0
starter-boilerplate/pkg/redis/setup.go:36.47,37.54 1 0
starter-boilerplate/pkg/redis/setup.go:40.2,42.15 2 0
starter-boilerplate/pkg/migrate/runner.go:16.68,20.2 1 0
starter-boilerplate/pkg/migrate/runner.go:22.50,25.2 2 0
starter-boilerplate/pkg/migrate/runner.go:27.53,29.16 2 0
starter-boilerplate/pkg/migrate/runner.go:29.16,31.3 1 0
starter-boilerplate/pkg/migrate/runner.go:32.2,32.20 1 0
starter-boilerplate/pkg/migrate/runner.go:32.20,35.3 2 0
starter-boilerplate/pkg/migrate/runner.go:36.2,37.12 2 0
starter-boilerplate/pkg/migrate/runner.go:40.54,42.16 2 0
starter-boilerplate/pkg/migrate/runner.go:42.16,44.3 1 0
starter-boilerplate/pkg/migrate/runner.go:45.2,45.20 1 0
starter-boilerplate/pkg/migrate/runner.go:45.20,48.3 2 0
starter-boilerplate/pkg/migrate/runner.go:49.2,50.12 2 0
starter-boilerplate/pkg/migrate/runner.go:53.52,55.16 2 0
starter-boilerplate/pkg/migrate/runner.go:55.16,57.3 1 0
starter-boilerplate/pkg/migrate/runner.go:58.2,62.12 2 0
starter-boilerplate/pkg/migrate/runner.go:65.68,67.16 2 0
starter-boilerplate/pkg/migrate/runner.go:67.16,69.3 1 0
starter-boilerplate/pkg/migrate/runner.go:70.2,70.26 1 0
starter-boilerplate/pkg/migrate/runner.go:70.26,72.3 1 0
starter-boilerplate/pkg/migrate/runner.go:73.2,73.12 1 0
starter-boilerplate/pkg/testcontainer/amqp_container.go:24.58,29.55 1 0
starter-boilerplate/pkg/testcontainer/amqp_container.go:29.55,33.5 1 0
starter-boilerplate/pkg/testcontainer/amqp_container.go:39.2,39.16 1 0
starter-boilerplate/pkg/testcontainer/amqp_container.go:39.16,41.3 1 0
starter-boilerplate/pkg/testcontainer/amqp_container.go:42.2,46.16 4 0
starter-boilerplate/pkg/testcontainer/amqp_container.go:46.16,48.3 1 0
starter-boilerplate/pkg/testcontainer/amqp_container.go:50.2,50.12 1 0
starter-boilerplate/pkg/testcontainer/amqp_container.go:53.58,53.72 1 0
starter-boilerplate/pkg/testcontainer/amqp_container.go:55.46,55.60 1 0
starter-boilerplate/pkg/testcontainer/amqp_container.go:57.63,57.64 0 0
starter-boilerplate/pkg/testcontainer/amqp_container.go:59.56,59.70 1 0
starter-boilerplate/pkg/testcontainer/amqp_container.go:61.33,62.19 1 0
starter-boilerplate/pkg/testcontainer/amqp_container.go:62.19,64.3 1 0
starter-boilerplate/pkg/testcontainer/amqp_container.go:67.56,68.24 1 0
starter-boilerplate/pkg/testcontainer/amqp_container.go:68.24,70.3 1 0
starter-boilerplate/pkg/testcontainer/amqp_container.go:74.52,76.2 1 0
starter-boilerplate/pkg/testcontainer/container_manager.go:14.69,16.2 1 0
starter-boilerplate/pkg/testcontainer/container_manager.go:18.61,19.33 1 0
starter-boilerplate/pkg/testcontainer/container_manager.go:19.33,20.38 1 0
starter-boilerplate/pkg/testcontainer/container_manager.go:20.38,22.4 1 0
starter-boilerplate/pkg/testcontainer/container_manager.go:24.2,24.12 1 0
starter-boilerplate/pkg/testcontainer/container_manager.go:27.63,28.33 1 0
starter-boilerplate/pkg/testcontainer/container_manager.go:28.33,29.40 1 0
starter-boilerplate/pkg/testcontainer/container_manager.go:29.40,31.4 1 0
starter-boilerplate/pkg/testcontainer/container_manager.go:33.2,33.12 1 0
starter-boilerplate/pkg/testcontainer/container_manager.go:36.49,37.33 1 0
starter-boilerplate/pkg/testcontainer/container_manager.go:37.33,38.42 1 0
starter-boilerplate/pkg/testcontainer/container_manager.go:38.42,40.4 1 0
starter-boilerplate/pkg/testcontainer/container_manager.go:42.2,42.12 1 0
starter-boilerplate/pkg/testcontainer/container_manager.go:45.67,47.33 2 0
starter-boilerplate/pkg/testcontainer/container_manager.go:47.33,49.3 1 0
starter-boilerplate/pkg/testcontainer/container_manager.go:52.61,53.33 1 0
starter-boilerplate/pkg/testcontainer/container_manager.go:53.33,54.38 1 0
starter-boilerplate/pkg/testcontainer/container_manager.go:54.38,56.4 1 0
starter-boilerplate/pkg/testcontainer/container_manager.go:58.2,58.12 1 0
starter-boilerplate/pkg/testcontainer/container_manager.go:61.36,62.33 1 0
starter-boilerplate/pkg/testcontainer/container_manager.go:62.33,64.3 1 0
starter-boilerplate/pkg/testcontainer/container_manager.go:67.59,68.33 1 0
starter-boilerplate/pkg/testcontainer/container_manager.go:68.33,70.3 1 0
starter-boilerplate/pkg/testcontainer/pg_container.go:39.56,46.56 1 0
starter-boilerplate/pkg/testcontainer/pg_container.go:46.56,50.6 1 0
starter-boilerplate/pkg/testcontainer/pg_container.go:59.2,59.16 1 0
starter-boilerplate/pkg/testcontainer/pg_container.go:59.16,61.3 1 0
starter-boilerplate/pkg/testcontainer/pg_container.go:62.2,69.12 5 0
starter-boilerplate/pkg/testcontainer/pg_container.go:72.58,76.16 3 0
starter-boilerplate/pkg/testcontainer/pg_container.go:76.16,78.3 1 0
starter-boilerplate/pkg/testcontainer/pg_container.go:80.2,81.28 2 0
starter-boilerplate/pkg/testcontainer/pg_container.go:81.28,82.59 1 0
starter-boilerplate/pkg/testcontainer/pg_container.go:82.59,84.4 1 0
starter-boilerplate/pkg/testcontainer/pg_container.go:86.2,88.31 2 0
starter-boilerplate/pkg/testcontainer/pg_container.go:88.31,90.17 2 0
starter-boilerplate/pkg/testcontainer/pg_container.go:90.17,92.4 1 0
starter-boilerplate/pkg/testcontainer/pg_container.go:93.3,93.64 1 0
starter-boilerplate/pkg/testcontainer/pg_container.go:93.64,95.4 1 0
starter-boilerplate/pkg/testcontainer/pg_container.go:98.2,98.12 1 0
starter-boilerplate/pkg/testcontainer/pg_container.go:101.44,104.34 2 0
starter-boilerplate/pkg/testcontainer/pg_container.go:104.34,110.29 2 0
starter-boilerplate/pkg/testcontainer/pg_container.go:110.29,112.4 1 0
starter-boilerplate/pkg/testcontainer/pg_container.go:113.3,116.17 3 0
starter-boilerplate/pkg/testcontainer/pg_container.go:116.17,118.4 1 0
starter-boilerplate/pkg/testcontainer/pg_container.go:119.3,119.26 1 0
starter-boilerplate/pkg/testcontainer/pg_container.go:122.2,122.12 1 0
starter-boilerplate/pkg/testcontainer/pg_container.go:125.62,131.2 5 0
starter-boilerplate/pkg/testcontainer/pg_container.go:133.56,145.2 2 0
starter-boilerplate/pkg/testcontainer/pg_container.go:147.31,148.17 1 0
starter-boilerplate/pkg/testcontainer/pg_container.go:148.17,150.3 1 0
starter-boilerplate/pkg/testcontainer/pg_container.go:153.54,154.24 1 0
starter-boilerplate/pkg/testcontainer/pg_container.go:154.24,156.3 1 0
starter-boilerplate/pkg/testcontainer/pg_container.go:160.36,162.2 1 0
starter-boilerplate/pkg/testcontainer/redis_container.go:25.59,29.56 1 0
starter-boilerplate/pkg/testcontainer/redis_container.go:29.56,33.6 1 0
starter-boilerplate/pkg/testcontainer/redis_container.go:41.2,41.16 1 0
starter-boilerplate/pkg/testcontainer/redis_container.go:41.16,43.3 1 0
starter-boilerplate/pkg/testcontainer/redis_container.go:44.2,50.12 3 0
starter-boilerplate/pkg/testcontainer/redis_container.go:53.59,53.73 1 0
starter-boilerplate/pkg/testcontainer/redis_container.go:55.47,55.61 1 0
starter-boilerplate/pkg/testcontainer/redis_container.go:57.64,57.65 0 0
starter-boilerplate/pkg/testcontainer/redis_container.go:59.59,61.2 1 0
starter-boilerplate/pkg/testcontainer/redis_container.go:63.34,64.21 1 0
starter-boilerplate/pkg/testcontainer/redis_container.go:64.21,66.3 1 0
starter-boilerplate/pkg/testcontainer/redis_container.go:69.57,70.24 1 0
starter-boilerplate/pkg/testcontainer/redis_container.go:70.24,72.3 1 0
starter-boilerplate/pkg/testcontainer/redis_container.go:76.51,78.2 1 0
starter-boilerplate/pkg/testcontainer/setup.go:6.85,9.37 2 0
starter-boilerplate/pkg/testcontainer/setup.go:9.37,11.3 1 0
starter-boilerplate/pkg/testcontainer/setup.go:12.2,12.39 1 0
starter-boilerplate/pkg/testcontainer/setup.go:12.39,14.3 1 0
starter-boilerplate/pkg/testcontainer/setup.go:15.2,15.41 1 0
starter-boilerplate/pkg/testcontainer/setup.go:15.41,17.3 1 0
starter-boilerplate/pkg/testcontainer/setup.go:19.2,19.15 1 0
starter-boilerplate/pkg/testcontainer/setup.go:23.83,24.38 1 0
starter-boilerplate/pkg/testcontainer/setup.go:24.38,26.3 1 0
starter-boilerplate/pkg/testcontainer/setup.go:27.2,27.40 1 0
starter-boilerplate/pkg/testcontainer/setup.go:27.40,29.3 1 0
starter-boilerplate/pkg/testcontainer/setup.go:30.2,30.42 1 0
starter-boilerplate/pkg/testcontainer/setup.go:30.42,32.3 1 0
starter-boilerplate/pkg/testcontainer/setup.go:33.2,33.16 1 0
starter-boilerplate/pkg/logger/setup.go:12.48,20.22 4 0
starter-boilerplate/pkg/logger/setup.go:20.22,22.3 1 0
starter-boilerplate/pkg/logger/setup.go:22.8,24.3 1 0
starter-boilerplate/pkg/logger/setup.go:26.2,26.26 1 0
starter-boilerplate/pkg/logger/setup.go:29.23,31.2 1 0
starter-boilerplate/pkg/logger/setup.go:33.38,34.28 1 0
starter-boilerplate/pkg/logger/setup.go:35.15,36.25 1 0
starter-boilerplate/pkg/logger/setup.go:37.25,38.24 1 0
starter-boilerplate/pkg/logger/setup.go:39.15,40.25 1 0
starter-boilerplate/pkg/logger/setup.go:41.10,42.24 1 0
starter-boilerplate/tests/suite/functional_suite.go:43.44,44.13 1 0
starter-boilerplate/tests/suite/functional_suite.go:44.13,46.3 1 0
starter-boilerplate/tests/suite/functional_suite.go:47.2,47.10 1 0
starter-boilerplate/tests/suite/functional_suite.go:50.40,97.12 21 0
starter-boilerplate/tests/suite/functional_suite.go:97.12,97.43 1 0
starter-boilerplate/tests/suite/functional_suite.go:99.2,99.9 1 0
starter-boilerplate/tests/suite/functional_suite.go:100.29,100.29 0 0
starter-boilerplate/tests/suite/functional_suite.go:101.39,102.43 1 0
starter-boilerplate/tests/suite/functional_suite.go:103.38,104.37 1 0
starter-boilerplate/tests/suite/functional_suite.go:108.43,112.2 3 0
starter-boilerplate/tests/suite/functional_suite.go:114.39,116.2 1 0
starter-boilerplate/tests/suite/functional_suite.go:120.106,123.16 3 0
starter-boilerplate/tests/suite/functional_suite.go:123.16,125.3 1 0
starter-boilerplate/tests/suite/functional_suite.go:126.2,129.28 4 0
starter-boilerplate/tests/suite/functional_suite.go:129.28,131.3 1 0
starter-boilerplate/tests/suite/functional_suite.go:132.2,134.13 3 0
starter-boilerplate/tests/suite/functional_suite.go:137.90,142.2 2 0
starter-boilerplate/tests/suite/functional_suite.go:144.69,151.2 6 0
starter-boilerplate/tests/suite/functional_suite.go:153.72,158.2 4 0
starter-boilerplate/tests/suite/functional_suite.go:160.73,165.2 4 0
starter-boilerplate/internal/user/infra/persistence/profile.go:29.68,31.2 1 0
starter-boilerplate/internal/user/infra/persistence/profile.go:33.102,36.35 3 0
starter-boilerplate/internal/user/infra/persistence/profile.go:36.35,38.3 1 0
starter-boilerplate/internal/user/infra/persistence/profile.go:39.2,39.16 1 0
starter-boilerplate/internal/user/infra/persistence/profile.go:39.16,41.3 1 0
starter-boilerplate/internal/user/infra/persistence/profile.go:42.2,42.33 1 0
starter-boilerplate/internal/user/infra/persistence/profile.go:45.87,58.2 5 0
starter-boilerplate/internal/user/infra/persistence/profile.go:60.54,66.2 1 0
starter-boilerplate/internal/user/infra/persistence/profile.go:68.56,77.2 2 0
starter-boilerplate/internal/user/infra/persistence/user.go:29.62,31.2 1 1
starter-boilerplate/internal/user/infra/persistence/user.go:33.88,36.35 3 1
starter-boilerplate/internal/user/infra/persistence/user.go:36.35,38.3 1 1
starter-boilerplate/internal/user/infra/persistence/user.go:39.2,39.16 1 1
starter-boilerplate/internal/user/infra/persistence/user.go:39.16,41.3 1 0
starter-boilerplate/internal/user/infra/persistence/user.go:42.2,42.26 1 1
starter-boilerplate/internal/user/infra/persistence/user.go:45.94,48.35 3 1
starter-boilerplate/internal/user/infra/persistence/user.go:48.35,50.3 1 1
starter-boilerplate/internal/user/infra/persistence/user.go:51.2,51.16 1 1
starter-boilerplate/internal/user/infra/persistence/user.go:51.16,53.3 1 0
starter-boilerplate/internal/user/infra/persistence/user.go:54.2,54.26 1 1
starter-boilerplate/internal/user/infra/persistence/user.go:57.75,61.2 3 1
starter-boilerplate/internal/user/infra/persistence/user.go:63.75,67.2 3 1
starter-boilerplate/internal/user/infra/persistence/user.go:69.41,76.2 1 1
starter-boilerplate/internal/user/infra/persistence/user.go:78.43,85.2 1 1
